C51 COMPILER V9.54   MAIN                                                                  03/07/2023 16:52:44 PAGE 1   


C51 COMPILER V9.54, COMPILATION OF MODULE MAIN
OBJECT MODULE PLACED IN .\Objects\main.obj
COMPILER INVOKED BY: D:\Keil_v5\C51\BIN\C51.EXE main.c OPTIMIZE(8,SPEED) BROWSE DEBUG OBJECTEXTEND PRINT(.\Listings\main
                    -.lst) TABS(2) OBJECT(.\Objects\main.obj)

line level    source

   1          /*********************************************************************************************************
             -*************
   2                                                              é¢˜ç›®è¦æ±‚
   3                                                     è§ç¬¬åäºŒå±Šçœèµ›æ¨¡æ‹Ÿé¢˜ä¸‰æœˆç‰ˆ(2021)
   4          æœ¬åœ°æ–‡ä»¶åœ°å€ï¼š"D:\1ç«èµ›\è“æ¡¥æ¯\ç«èµ›\è“æ¡¥æ¯è¯•é¢˜-çœèµ›\è“æ¡¥æ¯å•ç‰‡æœºå†å¹´çœèµ›çœŸ
             -é¢˜æ¨¡æ‹Ÿé¢˜æ±‡ç¼–ã€èš‚èšå·¥å‚ã€‘.pdf"
   5          **********************************************************************************************************
             -*************/
   6          /*********************************************************************************************************
             -*************
   7                                                              å¿ƒå¾—ä½“ä¼š
   8              å±äºæ¯”è¾ƒç®€å•çš„é¢˜ç›®äº†ã€‚
   9          **********************************************************************************************************
             -*************/
  10          #include <STC15F2K60S2.H>
  11          #include "iic.H"
  12          
  13          void delay_nixie(unsigned char t);
  14          
  15          //å…±é˜´æ–­ç 
  16          unsigned char code duanma_nixie[] = {0x3F,0x06,0x5B,0x4F,0x66,0x6D,0x7D,0x07,0x7F,0x6F,0x77,0x7C,0x39,0x5E
             -,0x79,0x71};
  17          //å…±é˜´æ–­ç å¸¦å°æ•°ç‚¹
  18          unsigned char code duanma_nixie_dian[] = {0xBF,0x86,0xDB,0xCF,0xE6,0xED,0xFD,0x87,0xFF,0xEF};
  19          
  20          int vain1 = 0 , vain3 = 0 , vp1 = 250 , vp3 = 300 ;
  21          int num = 1 ; //é€šé“æ•°,1ä¸ºé€šé“1,3ä¸ºé€šé“3ï¼›
  22          int view = 1 ;//é¡µé¢ï¼Œ1ä¸ºæ•°æ®é¡µé¢ï¼Œ2ä¸ºå‚æ•°é¡µé¢ï¼›
  23          int flag1 = 0 , flag3 = 0; //ç”¨äºè®°å½•å‚æ•°çš„åŠ å‡ï¼Œä¸»è¦æ˜¯å› ä¸ºé¢˜ç›®è¦æ±‚é€€å‡ºå‚æ•°é¡µé¢å
             -ï¼ŒåŠ å‡æ‰ç”Ÿæ•ˆã€‚
  24          
  25          void select573(unsigned char channel)
  26          {
  27   1        switch(channel)
  28   1        {
  29   2          case 4 : P2 = (P2 & 0x1f) | 0x80;break;
  30   2          case 5 : P2 = (P2 & 0x1f) | 0xa0;break;
  31   2          case 6 : P2 = (P2 & 0x1f) | 0xc0;break;
  32   2          case 7 : P2 = (P2 & 0x1f) | 0xe0;break;
  33   2          case 0 : P2 = (P2 & 0x1f) | 0x00;break;
  34   2        }
  35   1      }
  36          
  37          void initsy() //åˆå§‹åŒ–
  38          {
  39   1        select573(4);
  40   1        P0 = 0xff;
  41   1        select573(5);
  42   1        P0 = 0x00;
  43   1        select573(7);
  44   1        P0 = 0xff;
  45   1      }
  46          
  47          void display_bit_nixie(unsigned char pos , unsigned char value)
C51 COMPILER V9.54   MAIN                                                                  03/07/2023 16:52:44 PAGE 2   

  48          {
  49   1        select573(7);
  50   1        P0 = 0xff;
  51   1        select573(6);
  52   1        P0 = 0x01 << pos;
  53   1        select573(7);
  54   1        P0 = value;
  55   1      }
  56          
  57          void read_8591()                //è¯»å–PCF8591æ•°æ®
  58          {
  59   1        IIC_Start();                  //é‡‡é›†vain1
  60   1        IIC_SendByte(0x90); 
  61   1        IIC_WaitAck();
  62   1        IIC_SendByte(0x01); 
  63   1        IIC_WaitAck();
  64   1        IIC_Stop();
  65   1        
  66   1        IIC_Start();
  67   1        IIC_SendByte(0x91); 
  68   1        IIC_WaitAck();
  69   1        vain3 = IIC_RecByte();       //ä¸ºä»€ä¹ˆè¿™é‡Œæ˜æ˜å¾—åˆ°çš„åº”è¯¥æ˜¯vain1çš„å€¼ï¼Œå´æ˜¯ç»™vain3èµ‹å€¼(
             -åªæœ‰è¿™æ ·èµ‹å€¼æ‰æ­£ç¡®...)ï¼Œ
  70   1        vain3 = vain3 * (5.0 / 255) * 100; //æƒ³ä¸æ˜ç™½ï¼Œæ— æ³•ç†è§£ï¼Œç®—äº†ï¼Œèƒ½èµ‹å€¼å°±è¡Œ
  71   1        IIC_SendAck(1);              
  72   1        IIC_Stop();
  73   1        
  74   1        IIC_Start();                  //é‡‡é›†vain3
  75   1        IIC_SendByte(0x90); 
  76   1        IIC_WaitAck();
  77   1        IIC_SendByte(0x03); 
  78   1        IIC_WaitAck();
  79   1        IIC_Stop();
  80   1        
  81   1        IIC_Start();
  82   1        IIC_SendByte(0x91); 
  83   1        IIC_WaitAck();
  84   1        vain1 = IIC_RecByte();
  85   1        vain1 = vain1 * (5.0 / 255) * 100;
  86   1        IIC_SendAck(1);
  87   1        IIC_Stop();
  88   1      }
  89          
  90          void delay_nixie(unsigned char t)
  91          {
  92   1        while(t--);
  93   1      }
  94          
  95          void display_nixie()
  96          {
  97   1        if(view == 1)                                 //æ•°æ®é¡µé¢
  98   1        {
  99   2          read_8591();
 100   2          display_bit_nixie(0 , ~0x3E);
 101   2          delay_nixie(500);
 102   2          display_bit_nixie(1 , ~duanma_nixie[num]);
 103   2          delay_nixie(500);
 104   2          display_bit_nixie(2 , 0xff);
 105   2          delay_nixie(500);
 106   2          display_bit_nixie(3 , 0xff);
 107   2          delay_nixie(500);
 108   2          display_bit_nixie(4 , 0xff);
C51 COMPILER V9.54   MAIN                                                                  03/07/2023 16:52:44 PAGE 3   

 109   2          delay_nixie(500);
 110   2          if(num == 1)
 111   2          {
 112   3            display_bit_nixie(5 , ~duanma_nixie_dian[vain1/100]);
 113   3            delay_nixie(500);
 114   3            display_bit_nixie(6 , ~duanma_nixie[(vain1%100)/10]);
 115   3            delay_nixie(500);
 116   3            display_bit_nixie(7 , ~duanma_nixie[vain1%10]);
 117   3            delay_nixie(500);
 118   3          }
 119   2          else
 120   2          {
 121   3            display_bit_nixie(5 , ~duanma_nixie_dian[vain3/100]);
 122   3            delay_nixie(500);
 123   3            display_bit_nixie(6 , ~duanma_nixie[(vain3%100)/10]);
 124   3            delay_nixie(500);
 125   3            display_bit_nixie(7 , ~duanma_nixie[vain3%10]);
 126   3            delay_nixie(500);
 127   3          }
 128   2        }
 129   1        else                                          //å‚æ•°é¡µé¢
 130   1        {
 131   2          read_8591();
 132   2          display_bit_nixie(0 , ~0x73);
 133   2          delay_nixie(500);
 134   2          display_bit_nixie(1 , ~duanma_nixie[num]);
 135   2          delay_nixie(500);
 136   2          display_bit_nixie(2 , 0xff);
 137   2          delay_nixie(500);
 138   2          display_bit_nixie(3 , 0xff);
 139   2          delay_nixie(500);
 140   2          display_bit_nixie(4 , 0xff);
 141   2          delay_nixie(500);
 142   2          if(num == 1)
 143   2          {
 144   3            display_bit_nixie(5 , ~duanma_nixie_dian[(vp1 + (flag1 * 20))/100]);
 145   3            delay_nixie(500);
 146   3            display_bit_nixie(6 , ~duanma_nixie[((vp1 + (flag1 * 20))%100)/10]);
 147   3            delay_nixie(500);
 148   3            display_bit_nixie(7 , ~duanma_nixie[(vp1 + (flag1 * 20))%10]);
 149   3            delay_nixie(500);
 150   3          }
 151   2          else
 152   2          {
 153   3            display_bit_nixie(5 , ~duanma_nixie_dian[(vp3 + (flag3 * 20))/100]);
 154   3            delay_nixie(500);
 155   3            display_bit_nixie(6 , ~duanma_nixie[((vp3 + (flag3 * 20))%100)/10]);
 156   3            delay_nixie(500);
 157   3            display_bit_nixie(7 , ~duanma_nixie[(vp3 + (flag3 * 20))%10]);
 158   3            delay_nixie(500);
 159   3          }
 160   2        }
 161   1      }
 162          
 163          void delay_key(unsigned char t)
 164          {
 165   1        while(t--);
 166   1      }
 167          
 168          void LEDworking()
 169          {
 170   1        select573(4);
C51 COMPILER V9.54   MAIN                                                                  03/07/2023 16:52:44 PAGE 4   

 171   1        if(vain1 > vp1)
 172   1          P0 = (P0 & 0xfe) | 0xe0;
 173   1        else
 174   1          P0 = (P0 & 0xfe) | 0xe1;
 175   1        if(vain3 > vp3)
 176   1          P0 = (P0 & 0xfd) | 0xe0;
 177   1        else
 178   1          P0 = (P0 & 0xfd) | 0xe2;
 179   1        if(num == 1)
 180   1          P0 = (P0 & 0xfb) | 0xe0;
 181   1        else
 182   1          P0 = (P0 & 0xfb) | 0xe4;
 183   1        if(view == 1)
 184   1          P0 = (P0 & 0xf7) | 0xe0;
 185   1        else
 186   1          P0 = (P0 & 0xf7) | 0xe8;
 187   1        if(vain1 > vain3)
 188   1          P0 = (P0 & 0xef) | 0xe0;
 189   1        else
 190   1          P0 = (P0 & 0xef) | 0xf0;
 191   1        delay_key(60000);
 192   1      }
 193          
 194          void scankey()
 195          {
 196   1        if(P33 == 0)                      //s4
 197   1        {
 198   2          delay_key(100);
 199   2          if(P33 == 0)
 200   2          {
 201   3            if(num == 1)
 202   3              num = 3;
 203   3            else
 204   3              num = 1;
 205   3            while(P33 == 0)
 206   3            {
 207   4              display_nixie();
 208   4            }
 209   3          }
 210   2        }
 211   1        
 212   1        if(P32 == 0)                      //s5
 213   1        {
 214   2          delay_key(100);
 215   2          if(P32 == 0)
 216   2          {
 217   3            if(view == 1)
 218   3              view = 2;
 219   3            else
 220   3            {
 221   4              view = 1;
 222   4              vp1 += flag1 * 20;
 223   4              vp3 += flag3 * 20;
 224   4              flag1 = 0;
 225   4              flag3 = 0;
 226   4            }
 227   3            while(P32 == 0)
 228   3            {
 229   4              display_nixie();
 230   4            }
 231   3          }
 232   2        }
C51 COMPILER V9.54   MAIN                                                                  03/07/2023 16:52:44 PAGE 5   

 233   1        
 234   1        if(P31 == 0)                      //s6  åŠ 
 235   1        {
 236   2          delay_key(100);
 237   2          if(P31 == 0)
 238   2          {
 239   3            if(view == 2)
 240   3            {
 241   4              if(num == 1)
 242   4              {
 243   5                if( (vp1 + (flag1 * 20)) <= 480)
 244   5                  flag1 ++;
 245   5              }
 246   4              else
 247   4              {
 248   5                if( (vp3 + (flag3 * 20)) <= 480)
 249   5                  flag3 ++;
 250   5              }
 251   4            }
 252   3            while(P31 == 0)
 253   3            {
 254   4              display_nixie();
 255   4            }
 256   3          }
 257   2        }
 258   1        
 259   1        if(P30 == 0)                      //s7  å‡
 260   1        {
 261   2          delay_key(100);
 262   2          if(P30 == 0)
 263   2          {
 264   3            if(view == 2)
 265   3            {
 266   4              if(num == 1)
 267   4              {
 268   5                if( (vp1 + (flag1 * 20)) >= 20)
 269   5                  flag1 --;
 270   5              }
 271   4              else
 272   4              {
 273   5                if( (vp3 + (flag3 * 20)) >= 20)
 274   5                  flag3 --;
 275   5              }
 276   4            }
 277   3            while(P30 == 0)
 278   3            {
 279   4              display_nixie();
 280   4            }
 281   3          }
 282   2        }
 283   1      }
 284          
 285          void main()
 286          {
 287   1        initsy();
 288   1        while(1)
 289   1        {
 290   2          LEDworking();
 291   2          display_nixie();
 292   2          scankey();
 293   2        }
 294   1      }
C51 COMPILER V9.54   MAIN                                                                  03/07/2023 16:52:44 PAGE 6   



MODULE INFORMATION:   STATIC OVERLAYABLE
   CODE SIZE        =   1243    ----
   CONSTANT SIZE    =     26    ----
   XDATA SIZE       =   ----    ----
   PDATA SIZE       =   ----    ----
   DATA SIZE        =     16    ----
   IDATA SIZE       =   ----    ----
   BIT SIZE         =   ----    ----
END OF MODULE INFORMATION.


C51 COMPILATION COMPLETE.  0 WARNING(S),  0 ERROR(S)
